Arguments: 
  D:\nodejs\node.exe D:\yarn\bin\yarn.js init

PATH: 
  E:\JiRenGu-Web\SoftWares\cmder\vendor\git-for-windows\mingw64\bin;E:\JiRenGu-Web\SoftWares\cmder\vendor\git-for-windows\usr\bin;C:\Users\xiaomizhou\bin;D:\Python3.7\Scripts;D:\Python3.7;C:\Windows\system32;C:\Windows;C:\Windows\System32\Wbem;C:\Windows\System32\WindowsPowerShell\v1.0;C:\Windows\System32\OpenSSH;C:\Program Files\NVIDIA Corporation\NVIDIA NvDLISR;C:\Program Files (x86)\NVIDIA Corporation\PhysX\Common;C:\Program Files\Java\jdk-12.0.1\bin;D:\CCDC2019\CSD_2019\Conformer Generator\bin;C:\WINDOWS\system32;C:\WINDOWS;C:\WINDOWS\System32\Wbem;C:\WINDOWS\System32\WindowsPowerShell\v1.0;C:\WINDOWS\System32\OpenSSH;D:\nodejs;D:\yarn\bin;E:\JiRenGu-Web\SoftWares\hugo;D:\anaconda3;D:\anaconda3\Library\mingw-w64\bin;D:\anaconda3\Library\usr\bin;D:\anaconda3\Library\bin;D:\anaconda3\Scripts;C:\Program Files\OpenBabel-2.4.1;C:\Users\小米粥\AppData\Local\Microsoft\WindowsApps;D:\Bandizip;D:\JetBrains\PyCharm Community Edition 2018.3.4\bin;C:\Users\小米粥\AppData\Local\GitHubDesktop\bin;D:\JetBrains\IntelliJ IDEA Community Edition 2019.1\bin;D:\JetBrains\PyCharm Community Edition 2020.1.1\bin;D:\mysql-8.0.17-winx64\bin;D:\MongoDB\bin;C:\Users\xiaomizhou\AppData\Local\Microsoft\WindowsApps;D:\Microsoft VS Code\bin;C:\Users\xiaomizhou\AppData\Roaming\npm;C:\Users\xiaomizhou\AppData\Local\Yarn\bin;D:\JetBrains\WebStorm 2020.1.1\bin;D:\JetBrains\PyCharm 2020.1\bin

Yarn version: 
  1.22.4

Node version: 
  10.19.0

Platform: 
  win32 x64

Trace: 
  Error: canceled
      at Interface.<anonymous> (D:\yarn\lib\cli.js:137008:13)
      at Interface.emit (events.js:198:13)
      at Interface._ttyWrite (readline.js:801:16)
      at ReadStream.onkeypress (readline.js:184:10)
      at ReadStream.emit (events.js:198:13)
      at emitKeys (internal/readline.js:424:14)
      at emitKeys.next (<anonymous>)
      at ReadStream.onData (readline.js:1073:36)
      at ReadStream.emit (events.js:198:13)
      at addChunk (_stream_readable.js:288:12)

npm manifest: 
  No manifest

yarn manifest: 
  No manifest

Lockfile: 
  No lockfile
